<?xml version="1.0" encoding="UTF-8"?>
<!-- Generated by org.testng.reporters.JUnitXMLReporter -->
<testsuite ignored="1" hostname="TABLET-SC3VFD21" failures="0" tests="1" name="Default test" time="3.704" errors="0" timestamp="2024-12-01T23:00:57 EST">
  <testcase classname="org.xyz.BrowserControl" name="dropdownlist_calendar" time="3.671"/>
  <testcase classname="org.xyz.BrowserControl" name="validate_diffbrowsercontrol" time="0.0">
    <ignored/>
  </testcase> <!-- validate_diffbrowsercontrol -->
</testsuite> <!-- Default test -->
