<?xml version="1.0" encoding="UTF-8"?>
<!-- Generated by org.testng.reporters.JUnitXMLReporter -->
<testsuite ignored="0" hostname="TABLET-SC3VFD21" failures="1" tests="18" name="Test" time="0.095" errors="0" timestamp="2024-12-01T17:05:30 EST">
  <testcase classname="DemoTestNG.TestScenario" name="first_testcase" time="0.016">
    <failure type="java.lang.AssertionError" message="expected [Hello World] but found [Hello]">
      <![CDATA[java.lang.AssertionError: expected [Hello World] but found [Hello]
at DemoTestNG.TestScenario.first_testcase(TestScenario.java:12)
at java.base/java.util.ArrayList.forEach(ArrayList.java:1597)
... Removed 31 stack frames]]>
    </failure>
  </testcase> <!-- first_testcase -->
  <testcase classname="DemoTestNG.TestScenario" name="second_testcase" time="0.001"/>
  <testcase classname="DemoTestNG.FourthScenario" name="first_testcase" time="0.002"/>
  <testcase classname="DemoTestNG.FourthScenario" name="fourth_testcase" time="0.003"/>
  <testcase classname="DemoTestNG.FourthScenario" name="second_testcase" time="0.001"/>
  <testcase classname="DemoTestNG.FourthScenario" name="third_testcase" time="0.002"/>
  <testcase classname="DemoTestNG.FifthScenario" name="first_testcase" time="0.001"/>
  <testcase classname="DemoTestNG.FifthScenario" name="fourth_testcase" time="0.001"/>
  <testcase classname="DemoTestNG.FifthScenario" name="second_testcase" time="0.001"/>
  <testcase classname="DemoTestNG.FifthScenario" name="third_testcase" time="0.001"/>
  <testcase classname="DemoTestNG.ThirdScenario" name="first_testcase" time="0.001"/>
  <testcase classname="DemoTestNG.ThirdScenario" name="fourth_testcase" time="0.0"/>
  <testcase classname="DemoTestNG.ThirdScenario" name="second_testcase" time="0.001"/>
  <testcase classname="DemoTestNG.ThirdScenario" name="third_testcase" time="0.0"/>
  <testcase classname="DemoTestNG.SecondScenario" name="first_testcase" time="0.0"/>
  <testcase classname="DemoTestNG.SecondScenario" name="fourth_testcase" time="0.001"/>
  <testcase classname="DemoTestNG.SecondScenario" name="second_testcase" time="0.001"/>
  <testcase classname="DemoTestNG.SecondScenario" name="third_testcase" time="0.001"/>
</testsuite> <!-- Test -->
