<?xml version="1.0" encoding="UTF-8"?>
<!-- Generated by org.testng.reporters.JUnitXMLReporter -->
<testsuite ignored="2" hostname="TABLET-SC3VFD21" failures="0" tests="2" name="Test" time="13.444" errors="0" timestamp="2024-12-06T19:44:17 EST">
  <testcase classname="org.xyz.HandlekbMsWi" name="handleAlerts" time="7.4"/>
  <testcase classname="org.xyz.HandlekbMsWi" name="handleFrames" time="5.992"/>
  <testcase classname="org.xyz.HandlekbMsWi" name="handleKeyboard" time="0.0">
    <ignored/>
  </testcase> <!-- handleKeyboard -->
  <testcase classname="org.xyz.HandlekbMsWi" name="handleMouse" time="0.0">
    <ignored/>
  </testcase> <!-- handleMouse -->
</testsuite> <!-- Test -->
